{
  "RSpec": {
    "coverage": {
      "/Users/erikapheby/Projects/oystercard/spec/journey_spec.rb": [
        1,
        null,
        1,
        1,
        1,
        1,
        4,
        null,
        1,
        null,
        1,
        1,
        null,
        null,
        1,
        1,
        null,
        null,
        null,
        null,
        1,
        null,
        1,
        1,
        null,
        null,
        1,
        1,
        1,
        null,
        null,
        1,
        1,
        1,
        null,
        null,
        null,
        null,
        null
      ],
      "/Users/erikapheby/Projects/oystercard/lib/journey.rb": [
        null,
        1,
        null,
        1,
        1,
        null,
        1,
        null,
        1,
        19,
        19,
        null,
        null,
        1,
        3,
        1,
        null,
        null,
        1,
        7,
        7,
        null,
        null,
        1,
        null,
        1,
        3,
        null,
        null,
        null
      ],
      "/Users/erikapheby/Projects/oystercard/spec/oystercard_spec.rb": [
        1,
        1,
        null,
        1,
        15,
        10,
        null,
        null,
        1,
        null,
        1,
        1,
        null,
        null,
        1,
        1,
        null,
        null,
        2,
        null,
        null,
        null,
        null,
        1,
        null,
        1,
        1,
        1,
        null,
        null,
        1,
        2,
        null,
        null,
        null,
        null,
        null,
        1,
        null,
        1,
        4,
        null,
        null,
        1,
        1,
        1,
        2,
        null,
        null,
        1,
        1,
        1,
        null,
        null,
        1,
        1,
        1,
        null,
        null,
        1,
        1,
        1,
        1,
        2,
        null,
        null,
        null,
        null,
        null,
        1,
        null,
        1,
        5,
        5,
        null,
        null,
        1,
        1,
        4,
        null,
        null,
        1,
        1,
        1,
        1,
        null,
        null,
        1,
        1,
        1,
        1,
        null,
        null,
        1,
        1,
        1,
        1,
        null,
        null,
        1,
        1,
        1,
        1,
        2,
        null,
        null,
        null,
        null,
        null,
        null
      ],
      "/Users/erikapheby/Projects/oystercard/lib/oystercard.rb": [
        1,
        null,
        1,
        1,
        null,
        1,
        14,
        14,
        14,
        14,
        null,
        null,
        1,
        13,
        12,
        null,
        null,
        1,
        10,
        10,
        10,
        7,
        null,
        null,
        1,
        6,
        6,
        6,
        6,
        null,
        null,
        1,
        null,
        1,
        3,
        null,
        null,
        1,
        null,
        1,
        7,
        7,
        null,
        null,
        1,
        13,
        null,
        null,
        1,
        20,
        null,
        null,
        1,
        13,
        null,
        null,
        1,
        10,
        null,
        null,
        1,
        7,
        null,
        null,
        null
      ],
      "/Users/erikapheby/Projects/oystercard/spec/station_spec.rb": [
        1,
        null,
        1,
        1,
        1,
        3,
        null,
        null,
        1,
        null,
        1,
        1,
        null,
        null,
        1,
        1,
        null,
        null,
        null,
        null,
        null
      ],
      "/Users/erikapheby/Projects/oystercard/lib/station.rb": [
        1,
        null,
        1,
        null,
        1,
        2,
        2,
        null,
        null,
        null
      ]
    },
    "timestamp": 1457522211
  }
}
