{
  "RSpec": {
    "coverage": {
      "/Users/pete/Projects/oystercard/spec/feature_spec.rb": [
        1,
        null,
        1,
        null,
        6,
        3,
        2,
        null,
        1,
        2,
        1,
        1,
        1,
        null,
        null,
        1,
        1,
        1,
        1,
        1,
        null,
        null,
        1,
        1,
        1,
        1,
        4,
        null,
        null,
        1,
        1,
        1,
        1,
        1,
        null,
        1,
        1,
        1,
        null,
        null,
        null
      ],
      "/Users/pete/Projects/oystercard/lib/oystercard.rb": [
        1,
        null,
        1,
        1,
        1,
        1,
        1,
        null,
        1,
        17,
        17,
        null,
        null,
        1,
        11,
        10,
        null,
        null,
        1,
        8,
        7,
        7,
        null,
        null,
        1,
        5,
        5,
        5,
        5,
        null,
        null,
        1,
        5,
        null,
        null,
        1,
        null,
        1,
        5,
        null,
        null,
        null
      ],
      "/Users/pete/Projects/oystercard/spec/oystercard_spec.rb": [
        1,
        null,
        1,
        null,
        13,
        6,
        4,
        null,
        2,
        2,
        null,
        2,
        null,
        1,
        null,
        2,
        2,
        null,
        null,
        1,
        5,
        3,
        null,
        null,
        1,
        2,
        5,
        null,
        null,
        null,
        1,
        3,
        null,
        null,
        1,
        1,
        3,
        3,
        null,
        5,
        5,
        null,
        null,
        null,
        1,
        1,
        1,
        1,
        1,
        1,
        null,
        null,
        null,
        null
      ]
    },
    "timestamp": 1457456093
  }
}
